<?xml version="1.0" encoding="UTF-8"?>
<!-- Generated by org.testng.reporters.JUnitXMLReporter -->
<testsuite ignored="0" hostname="DESKTOP-KKFHIAA" failures="2" tests="2" name="Group 4" time="139.701" errors="0" timestamp="2022-10-07T12:26:31 ICT">
  <testcase classname="test.global.footer.FooterTest" name="testFooterCategoryPage" time="118.878">
    <failure type="java.lang.AssertionError" message="Demo taking screenshot When test is failed! ">
      <![CDATA[java.lang.AssertionError: Demo taking screenshot When test is failed! 
at test.global.footer.FooterTest.testFooterCategoryPage(FooterTest.java:16)
at java.base/java.util.ArrayList.forEach(ArrayList.java:1541)
at java.base/java.util.concurrent.FutureTask.run(FutureTask.java:264)
at java.base/java.util.concurrent.ThreadPoolExecutor.runWorker(ThreadPoolExecutor.java:1128)
at java.base/java.util.concurrent.ThreadPoolExecutor$Worker.run(ThreadPoolExecutor.java:628)
at java.base/java.lang.Thread.run(Thread.java:834)
... Removed 18 stack frames]]>
    </failure>
  </testcase> <!-- testFooterCategoryPage -->
  <testcase classname="test.global.footer.FooterTest" name="testFooterHomePage" time="3.801">
    <failure type="java.lang.AssertionError" message="[ERR] Actal and expected hyper links are different! : Lists differ at element [0]: http://demowebshop.tricentis.com/sitemap != https://demowebshop.tricentis.com/sitemap expected [http://demowebshop.tricentis.com/sitemap] but found [https://demowebshop.tricentis.com/sitemap]">
      <![CDATA[java.lang.AssertionError: [ERR] Actal and expected hyper links are different! : Lists differ at element [0]: http://demowebshop.tricentis.com/sitemap != https://demowebshop.tricentis.com/sitemap expected [http://demowebshop.tricentis.com/sitemap] but found [https://demowebshop.tricentis.com/sitemap]
at test_flows.global.FooterTestFlow.verifyFooterComponent(FooterTestFlow.java:130)
at test_flows.global.FooterTestFlow.verifyInformationColum(FooterTestFlow.java:48)
at test_flows.global.FooterTestFlow.verifyFooterComponent(FooterTestFlow.java:34)
at test.global.footer.FooterTest.testFooterHomePage(FooterTest.java:27)
at java.base/java.util.ArrayList.forEach(ArrayList.java:1541)
at java.base/java.util.concurrent.FutureTask.run(FutureTask.java:264)
at java.base/java.util.concurrent.ThreadPoolExecutor.runWorker(ThreadPoolExecutor.java:1128)
at java.base/java.util.concurrent.ThreadPoolExecutor$Worker.run(ThreadPoolExecutor.java:628)
at java.base/java.lang.Thread.run(Thread.java:834)
... Removed 21 stack frames]]>
    </failure>
  </testcase> <!-- testFooterHomePage -->
</testsuite> <!-- Group 4 -->
